\BOOKMARK [0][-]{chapter.1}{\376\377\0001\000\040\000P\000l\000a\000n\000t\000s\000\040\000v\000s\000\040\000Z\000o\000m\000b\000i\000e\000s\000\040\000s\000i\000m\000u\000l\000a\000t\000i\000o\000n}{}% 1
\BOOKMARK [1][-]{section.1.1}{\376\377\0001\000.\0001\000\040\000A\000u\000t\000h\000o\000r}{chapter.1}% 2
\BOOKMARK [1][-]{section.1.2}{\376\377\0001\000.\0002\000\040\000D\000e\000s\000c\000r\000i\000p\000t\000i\000o\000n}{chapter.1}% 3
\BOOKMARK [1][-]{section.1.3}{\376\377\0001\000.\0003\000\040\000C\000l\000a\000s\000s\000\040\000D\000i\000a\000g\000r\000a\000m}{chapter.1}% 4
\BOOKMARK [1][-]{section.1.4}{\376\377\0001\000.\0004\000\040\000D\000o\000c\000u\000m\000e\000n\000t\000a\000t\000i\000o\000n}{chapter.1}% 5
\BOOKMARK [0][-]{chapter.2}{\376\377\0002\000\040\000H\000i\000e\000r\000a\000r\000c\000h\000i\000c\000a\000l\000\040\000I\000n\000d\000e\000x}{}% 6
\BOOKMARK [1][-]{section.2.1}{\376\377\0002\000.\0001\000\040\000C\000l\000a\000s\000s\000\040\000H\000i\000e\000r\000a\000r\000c\000h\000y}{chapter.2}% 7
\BOOKMARK [0][-]{chapter.3}{\376\377\0003\000\040\000C\000l\000a\000s\000s\000\040\000I\000n\000d\000e\000x}{}% 8
\BOOKMARK [1][-]{section.3.1}{\376\377\0003\000.\0001\000\040\000C\000l\000a\000s\000s\000\040\000L\000i\000s\000t}{chapter.3}% 9
\BOOKMARK [0][-]{chapter.4}{\376\377\0004\000\040\000F\000i\000l\000e\000\040\000I\000n\000d\000e\000x}{}% 10
\BOOKMARK [1][-]{section.4.1}{\376\377\0004\000.\0001\000\040\000F\000i\000l\000e\000\040\000L\000i\000s\000t}{chapter.4}% 11
\BOOKMARK [0][-]{chapter.5}{\376\377\0005\000\040\000C\000l\000a\000s\000s\000\040\000D\000o\000c\000u\000m\000e\000n\000t\000a\000t\000i\000o\000n}{}% 12
\BOOKMARK [1][-]{section.5.1}{\376\377\0005\000.\0001\000\040\000B\000a\000s\000i\000c\000Z\000o\000m\000b\000i\000e\000\040\000C\000l\000a\000s\000s\000\040\000R\000e\000f\000e\000r\000e\000n\000c\000e}{chapter.5}% 13
\BOOKMARK [2][-]{subsection.5.1.1}{\376\377\0005\000.\0001\000.\0001\000\040\000D\000e\000t\000a\000i\000l\000e\000d\000\040\000D\000e\000s\000c\000r\000i\000p\000t\000i\000o\000n}{section.5.1}% 14
\BOOKMARK [2][-]{subsection.5.1.2}{\376\377\0005\000.\0001\000.\0002\000\040\000C\000o\000n\000s\000t\000r\000u\000c\000t\000o\000r\000\040\000\046\000\040\000D\000e\000s\000t\000r\000u\000c\000t\000o\000r\000\040\000D\000o\000c\000u\000m\000e\000n\000t\000a\000t\000i\000o\000n}{section.5.1}% 15
\BOOKMARK [3][-]{subsubsection.5.1.2.1}{\376\377\0005\000.\0001\000.\0002\000.\0001\000\040\000B\000a\000s\000i\000c\000Z\000o\000m\000b\000i\000e\000\050\000\051}{subsection.5.1.2}% 16
\BOOKMARK [2][-]{subsection.5.1.3}{\376\377\0005\000.\0001\000.\0003\000\040\000M\000e\000m\000b\000e\000r\000\040\000F\000u\000n\000c\000t\000i\000o\000n\000\040\000D\000o\000c\000u\000m\000e\000n\000t\000a\000t\000i\000o\000n}{section.5.1}% 17
\BOOKMARK [3][-]{subsubsection.5.1.3.1}{\376\377\0005\000.\0001\000.\0003\000.\0001\000\040\000a\000c\000t\000i\000o\000n\000P\000e\000r\000f\000o\000r\000m\000e\000d\000\050\000\051}{subsection.5.1.3}% 18
\BOOKMARK [3][-]{subsubsection.5.1.3.2}{\376\377\0005\000.\0001\000.\0003\000.\0002\000\040\000g\000e\000t\000A\000t\000t\000a\000c\000k\000D\000a\000m\000a\000g\000e\000\050\000\051}{subsection.5.1.3}% 19
\BOOKMARK [3][-]{subsubsection.5.1.3.3}{\376\377\0005\000.\0001\000.\0003\000.\0003\000\040\000g\000e\000t\000B\000o\000u\000n\000d\000s\000\050\000\051}{subsection.5.1.3}% 20
\BOOKMARK [3][-]{subsubsection.5.1.3.4}{\376\377\0005\000.\0001\000.\0003\000.\0004\000\040\000g\000e\000t\000H\000e\000a\000l\000t\000h\000\050\000\051}{subsection.5.1.3}% 21
\BOOKMARK [3][-]{subsubsection.5.1.3.5}{\376\377\0005\000.\0001\000.\0003\000.\0005\000\040\000g\000e\000t\000S\000p\000e\000e\000d\000\050\000\051}{subsection.5.1.3}% 22
\BOOKMARK [3][-]{subsubsection.5.1.3.6}{\376\377\0005\000.\0001\000.\0003\000.\0006\000\040\000g\000e\000t\000T\000y\000p\000e\000\050\000\051}{subsection.5.1.3}% 23
\BOOKMARK [3][-]{subsubsection.5.1.3.7}{\376\377\0005\000.\0001\000.\0003\000.\0007\000\040\000p\000a\000i\000n\000t\000C\000o\000m\000p\000o\000n\000e\000n\000t\000\050\000\051}{subsection.5.1.3}% 24
\BOOKMARK [3][-]{subsubsection.5.1.3.8}{\376\377\0005\000.\0001\000.\0003\000.\0008\000\040\000t\000a\000k\000e\000D\000a\000m\000a\000g\000e\000\050\000\051}{subsection.5.1.3}% 25
\BOOKMARK [1][-]{section.5.2}{\376\377\0005\000.\0002\000\040\000B\000o\000a\000r\000d\000\040\000C\000l\000a\000s\000s\000\040\000R\000e\000f\000e\000r\000e\000n\000c\000e}{chapter.5}% 26
\BOOKMARK [2][-]{subsection.5.2.1}{\376\377\0005\000.\0002\000.\0001\000\040\000D\000e\000t\000a\000i\000l\000e\000d\000\040\000D\000e\000s\000c\000r\000i\000p\000t\000i\000o\000n}{section.5.2}% 27
\BOOKMARK [2][-]{subsection.5.2.2}{\376\377\0005\000.\0002\000.\0002\000\040\000C\000o\000n\000s\000t\000r\000u\000c\000t\000o\000r\000\040\000\046\000\040\000D\000e\000s\000t\000r\000u\000c\000t\000o\000r\000\040\000D\000o\000c\000u\000m\000e\000n\000t\000a\000t\000i\000o\000n}{section.5.2}% 28
\BOOKMARK [3][-]{subsubsection.5.2.2.1}{\376\377\0005\000.\0002\000.\0002\000.\0001\000\040\000B\000o\000a\000r\000d\000\050\000\051}{subsection.5.2.2}% 29
\BOOKMARK [1][-]{section.5.3}{\376\377\0005\000.\0003\000\040\000B\000u\000c\000k\000e\000t\000h\000e\000a\000d\000Z\000o\000m\000b\000i\000e\000\040\000C\000l\000a\000s\000s\000\040\000R\000e\000f\000e\000r\000e\000n\000c\000e}{chapter.5}% 30
\BOOKMARK [2][-]{subsection.5.3.1}{\376\377\0005\000.\0003\000.\0001\000\040\000D\000e\000t\000a\000i\000l\000e\000d\000\040\000D\000e\000s\000c\000r\000i\000p\000t\000i\000o\000n}{section.5.3}% 31
\BOOKMARK [2][-]{subsection.5.3.2}{\376\377\0005\000.\0003\000.\0002\000\040\000C\000o\000n\000s\000t\000r\000u\000c\000t\000o\000r\000\040\000\046\000\040\000D\000e\000s\000t\000r\000u\000c\000t\000o\000r\000\040\000D\000o\000c\000u\000m\000e\000n\000t\000a\000t\000i\000o\000n}{section.5.3}% 32
\BOOKMARK [3][-]{subsubsection.5.3.2.1}{\376\377\0005\000.\0003\000.\0002\000.\0001\000\040\000B\000u\000c\000k\000e\000t\000h\000e\000a\000d\000Z\000o\000m\000b\000i\000e\000\050\000\051}{subsection.5.3.2}% 33
\BOOKMARK [2][-]{subsection.5.3.3}{\376\377\0005\000.\0003\000.\0003\000\040\000M\000e\000m\000b\000e\000r\000\040\000F\000u\000n\000c\000t\000i\000o\000n\000\040\000D\000o\000c\000u\000m\000e\000n\000t\000a\000t\000i\000o\000n}{section.5.3}% 34
\BOOKMARK [3][-]{subsubsection.5.3.3.1}{\376\377\0005\000.\0003\000.\0003\000.\0001\000\040\000a\000c\000t\000i\000o\000n\000P\000e\000r\000f\000o\000r\000m\000e\000d\000\050\000\051}{subsection.5.3.3}% 35
\BOOKMARK [3][-]{subsubsection.5.3.3.2}{\376\377\0005\000.\0003\000.\0003\000.\0002\000\040\000g\000e\000t\000A\000t\000t\000a\000c\000k\000D\000a\000m\000a\000g\000e\000\050\000\051}{subsection.5.3.3}% 36
\BOOKMARK [3][-]{subsubsection.5.3.3.3}{\376\377\0005\000.\0003\000.\0003\000.\0003\000\040\000g\000e\000t\000B\000o\000u\000n\000d\000s\000\050\000\051}{subsection.5.3.3}% 37
\BOOKMARK [3][-]{subsubsection.5.3.3.4}{\376\377\0005\000.\0003\000.\0003\000.\0004\000\040\000g\000e\000t\000H\000e\000a\000l\000t\000h\000\050\000\051}{subsection.5.3.3}% 38
\BOOKMARK [3][-]{subsubsection.5.3.3.5}{\376\377\0005\000.\0003\000.\0003\000.\0005\000\040\000g\000e\000t\000S\000p\000e\000e\000d\000\050\000\051}{subsection.5.3.3}% 39
\BOOKMARK [3][-]{subsubsection.5.3.3.6}{\376\377\0005\000.\0003\000.\0003\000.\0006\000\040\000g\000e\000t\000T\000y\000p\000e\000\050\000\051}{subsection.5.3.3}% 40
\BOOKMARK [3][-]{subsubsection.5.3.3.7}{\376\377\0005\000.\0003\000.\0003\000.\0007\000\040\000p\000a\000i\000n\000t\000C\000o\000m\000p\000o\000n\000e\000n\000t\000\050\000\051}{subsection.5.3.3}% 41
\BOOKMARK [3][-]{subsubsection.5.3.3.8}{\376\377\0005\000.\0003\000.\0003\000.\0008\000\040\000t\000a\000k\000e\000D\000a\000m\000a\000g\000e\000\050\000\051}{subsection.5.3.3}% 42
\BOOKMARK [1][-]{section.5.4}{\376\377\0005\000.\0004\000\040\000C\000h\000e\000r\000r\000y\000B\000o\000m\000b\000\040\000C\000l\000a\000s\000s\000\040\000R\000e\000f\000e\000r\000e\000n\000c\000e}{chapter.5}% 43
\BOOKMARK [2][-]{subsection.5.4.1}{\376\377\0005\000.\0004\000.\0001\000\040\000D\000e\000t\000a\000i\000l\000e\000d\000\040\000D\000e\000s\000c\000r\000i\000p\000t\000i\000o\000n}{section.5.4}% 44
\BOOKMARK [2][-]{subsection.5.4.2}{\376\377\0005\000.\0004\000.\0002\000\040\000C\000o\000n\000s\000t\000r\000u\000c\000t\000o\000r\000\040\000\046\000\040\000D\000e\000s\000t\000r\000u\000c\000t\000o\000r\000\040\000D\000o\000c\000u\000m\000e\000n\000t\000a\000t\000i\000o\000n}{section.5.4}% 45
\BOOKMARK [3][-]{subsubsection.5.4.2.1}{\376\377\0005\000.\0004\000.\0002\000.\0001\000\040\000C\000h\000e\000r\000r\000y\000B\000o\000m\000b\000\050\000\051}{subsection.5.4.2}% 46
\BOOKMARK [2][-]{subsection.5.4.3}{\376\377\0005\000.\0004\000.\0003\000\040\000M\000e\000m\000b\000e\000r\000\040\000F\000u\000n\000c\000t\000i\000o\000n\000\040\000D\000o\000c\000u\000m\000e\000n\000t\000a\000t\000i\000o\000n}{section.5.4}% 47
\BOOKMARK [3][-]{subsubsection.5.4.3.1}{\376\377\0005\000.\0004\000.\0003\000.\0001\000\040\000a\000c\000t\000i\000o\000n\000P\000e\000r\000f\000o\000r\000m\000e\000d\000\050\000\051}{subsection.5.4.3}% 48
\BOOKMARK [3][-]{subsubsection.5.4.3.2}{\376\377\0005\000.\0004\000.\0003\000.\0002\000\040\000e\000x\000p\000l\000o\000d\000e\000\050\000\051}{subsection.5.4.3}% 49
\BOOKMARK [3][-]{subsubsection.5.4.3.3}{\376\377\0005\000.\0004\000.\0003\000.\0003\000\040\000g\000e\000t\000B\000o\000u\000n\000d\000s\000\050\000\051}{subsection.5.4.3}% 50
\BOOKMARK [3][-]{subsubsection.5.4.3.4}{\376\377\0005\000.\0004\000.\0003\000.\0004\000\040\000g\000e\000t\000C\000o\000s\000t\000\050\000\051}{subsection.5.4.3}% 51
\BOOKMARK [3][-]{subsubsection.5.4.3.5}{\376\377\0005\000.\0004\000.\0003\000.\0005\000\040\000g\000e\000t\000H\000e\000a\000l\000t\000h\000\050\000\051}{subsection.5.4.3}% 52
\BOOKMARK [3][-]{subsubsection.5.4.3.6}{\376\377\0005\000.\0004\000.\0003\000.\0006\000\040\000g\000e\000t\000T\000y\000p\000e\000\050\000\051}{subsection.5.4.3}% 53
\BOOKMARK [3][-]{subsubsection.5.4.3.7}{\376\377\0005\000.\0004\000.\0003\000.\0007\000\040\000p\000a\000i\000n\000t\000C\000o\000m\000p\000o\000n\000e\000n\000t\000\050\000\051}{subsection.5.4.3}% 54
\BOOKMARK [3][-]{subsubsection.5.4.3.8}{\376\377\0005\000.\0004\000.\0003\000.\0008\000\040\000t\000a\000k\000e\000D\000a\000m\000a\000g\000e\000\050\000\051}{subsection.5.4.3}% 55
\BOOKMARK [2][-]{subsection.5.4.4}{\376\377\0005\000.\0004\000.\0004\000\040\000M\000e\000m\000b\000e\000r\000\040\000D\000a\000t\000a\000\040\000D\000o\000c\000u\000m\000e\000n\000t\000a\000t\000i\000o\000n}{section.5.4}% 56
\BOOKMARK [3][-]{subsubsection.5.4.4.1}{\376\377\0005\000.\0004\000.\0004\000.\0001\000\040\000Z\000o\000m\000b\000i\000e\000s}{subsection.5.4.4}% 57
\BOOKMARK [1][-]{section.5.5}{\376\377\0005\000.\0005\000\040\000C\000o\000l\000l\000i\000s\000i\000o\000n\000M\000a\000n\000a\000g\000e\000r\000\040\000C\000l\000a\000s\000s\000\040\000R\000e\000f\000e\000r\000e\000n\000c\000e}{chapter.5}% 58
\BOOKMARK [2][-]{subsection.5.5.1}{\376\377\0005\000.\0005\000.\0001\000\040\000D\000e\000t\000a\000i\000l\000e\000d\000\040\000D\000e\000s\000c\000r\000i\000p\000t\000i\000o\000n}{section.5.5}% 59
\BOOKMARK [2][-]{subsection.5.5.2}{\376\377\0005\000.\0005\000.\0002\000\040\000M\000e\000m\000b\000e\000r\000\040\000F\000u\000n\000c\000t\000i\000o\000n\000\040\000D\000o\000c\000u\000m\000e\000n\000t\000a\000t\000i\000o\000n}{section.5.5}% 60
\BOOKMARK [3][-]{subsubsection.5.5.2.1}{\376\377\0005\000.\0005\000.\0002\000.\0001\000\040\000c\000h\000e\000c\000k\000A\000t\000t\000a\000c\000k\000s\000\050\000\051}{subsection.5.5.2}% 61
\BOOKMARK [3][-]{subsubsection.5.5.2.2}{\376\377\0005\000.\0005\000.\0002\000.\0002\000\040\000c\000h\000e\000c\000k\000E\000x\000p\000l\000o\000s\000i\000o\000n\000D\000e\000a\000t\000h\000s\000\050\000\051}{subsection.5.5.2}% 62
\BOOKMARK [3][-]{subsubsection.5.5.2.3}{\376\377\0005\000.\0005\000.\0002\000.\0003\000\040\000c\000h\000e\000c\000k\000P\000r\000o\000j\000e\000c\000t\000i\000l\000e\000H\000i\000t\000\050\000\051}{subsection.5.5.2}% 63
\BOOKMARK [1][-]{section.5.6}{\376\377\0005\000.\0006\000\040\000E\000n\000t\000i\000t\000y\000\040\000C\000l\000a\000s\000s\000\040\000R\000e\000f\000e\000r\000e\000n\000c\000e}{chapter.5}% 64
\BOOKMARK [2][-]{subsection.5.6.1}{\376\377\0005\000.\0006\000.\0001\000\040\000D\000e\000t\000a\000i\000l\000e\000d\000\040\000D\000e\000s\000c\000r\000i\000p\000t\000i\000o\000n}{section.5.6}% 65
\BOOKMARK [2][-]{subsection.5.6.2}{\376\377\0005\000.\0006\000.\0002\000\040\000C\000o\000n\000s\000t\000r\000u\000c\000t\000o\000r\000\040\000\046\000\040\000D\000e\000s\000t\000r\000u\000c\000t\000o\000r\000\040\000D\000o\000c\000u\000m\000e\000n\000t\000a\000t\000i\000o\000n}{section.5.6}% 66
\BOOKMARK [3][-]{subsubsection.5.6.2.1}{\376\377\0005\000.\0006\000.\0002\000.\0001\000\040\000E\000n\000t\000i\000t\000y\000\050\000\051}{subsection.5.6.2}% 67
\BOOKMARK [2][-]{subsection.5.6.3}{\376\377\0005\000.\0006\000.\0003\000\040\000M\000e\000m\000b\000e\000r\000\040\000F\000u\000n\000c\000t\000i\000o\000n\000\040\000D\000o\000c\000u\000m\000e\000n\000t\000a\000t\000i\000o\000n}{section.5.6}% 68
\BOOKMARK [3][-]{subsubsection.5.6.3.1}{\376\377\0005\000.\0006\000.\0003\000.\0001\000\040\000a\000c\000t\000i\000o\000n\000P\000e\000r\000f\000o\000r\000m\000e\000d\000\050\000\051}{subsection.5.6.3}% 69
\BOOKMARK [3][-]{subsubsection.5.6.3.2}{\376\377\0005\000.\0006\000.\0003\000.\0002\000\040\000g\000e\000t\000B\000o\000u\000n\000d\000s\000\050\000\051}{subsection.5.6.3}% 70
\BOOKMARK [3][-]{subsubsection.5.6.3.3}{\376\377\0005\000.\0006\000.\0003\000.\0003\000\040\000g\000e\000t\000H\000e\000a\000l\000t\000h\000\050\000\051}{subsection.5.6.3}% 71
\BOOKMARK [3][-]{subsubsection.5.6.3.4}{\376\377\0005\000.\0006\000.\0003\000.\0004\000\040\000g\000e\000t\000T\000y\000p\000e\000\050\000\051}{subsection.5.6.3}% 72
\BOOKMARK [3][-]{subsubsection.5.6.3.5}{\376\377\0005\000.\0006\000.\0003\000.\0005\000\040\000p\000a\000i\000n\000t\000C\000o\000m\000p\000o\000n\000e\000n\000t\000\050\000\051}{subsection.5.6.3}% 73
\BOOKMARK [3][-]{subsubsection.5.6.3.6}{\376\377\0005\000.\0006\000.\0003\000.\0006\000\040\000t\000a\000k\000e\000D\000a\000m\000a\000g\000e\000\050\000\051}{subsection.5.6.3}% 74
\BOOKMARK [2][-]{subsection.5.6.4}{\376\377\0005\000.\0006\000.\0004\000\040\000M\000e\000m\000b\000e\000r\000\040\000D\000a\000t\000a\000\040\000D\000o\000c\000u\000m\000e\000n\000t\000a\000t\000i\000o\000n}{section.5.6}% 75
\BOOKMARK [3][-]{subsubsection.5.6.4.1}{\376\377\0005\000.\0006\000.\0004\000.\0001\000\040\000h\000e\000a\000l\000t\000h}{subsection.5.6.4}% 76
\BOOKMARK [3][-]{subsubsection.5.6.4.2}{\376\377\0005\000.\0006\000.\0004\000.\0002\000\040\000i\000m\000a\000g\000e\000B\000o\000u\000n\000d\000s}{subsection.5.6.4}% 77
\BOOKMARK [3][-]{subsubsection.5.6.4.3}{\376\377\0005\000.\0006\000.\0004\000.\0003\000\040\000t\000h\000e\000T\000i\000m\000e\000r}{subsection.5.6.4}% 78
\BOOKMARK [3][-]{subsubsection.5.6.4.4}{\376\377\0005\000.\0006\000.\0004\000.\0004\000\040\000x}{subsection.5.6.4}% 79
\BOOKMARK [3][-]{subsubsection.5.6.4.5}{\376\377\0005\000.\0006\000.\0004\000.\0005\000\040\000y}{subsection.5.6.4}% 80
\BOOKMARK [1][-]{section.5.7}{\376\377\0005\000.\0007\000\040\000E\000x\000p\000l\000o\000s\000i\000o\000n\000\040\000C\000l\000a\000s\000s\000\040\000R\000e\000f\000e\000r\000e\000n\000c\000e}{chapter.5}% 81
\BOOKMARK [2][-]{subsection.5.7.1}{\376\377\0005\000.\0007\000.\0001\000\040\000D\000e\000t\000a\000i\000l\000e\000d\000\040\000D\000e\000s\000c\000r\000i\000p\000t\000i\000o\000n}{section.5.7}% 82
\BOOKMARK [2][-]{subsection.5.7.2}{\376\377\0005\000.\0007\000.\0002\000\040\000C\000o\000n\000s\000t\000r\000u\000c\000t\000o\000r\000\040\000\046\000\040\000D\000e\000s\000t\000r\000u\000c\000t\000o\000r\000\040\000D\000o\000c\000u\000m\000e\000n\000t\000a\000t\000i\000o\000n}{section.5.7}% 83
\BOOKMARK [3][-]{subsubsection.5.7.2.1}{\376\377\0005\000.\0007\000.\0002\000.\0001\000\040\000E\000x\000p\000l\000o\000s\000i\000o\000n\000\050\000\051}{subsection.5.7.2}% 84
\BOOKMARK [2][-]{subsection.5.7.3}{\376\377\0005\000.\0007\000.\0003\000\040\000M\000e\000m\000b\000e\000r\000\040\000F\000u\000n\000c\000t\000i\000o\000n\000\040\000D\000o\000c\000u\000m\000e\000n\000t\000a\000t\000i\000o\000n}{section.5.7}% 85
\BOOKMARK [3][-]{subsubsection.5.7.3.1}{\376\377\0005\000.\0007\000.\0003\000.\0001\000\040\000g\000e\000t\000B\000o\000u\000n\000d\000s\000\050\000\051}{subsection.5.7.3}% 86
\BOOKMARK [3][-]{subsubsection.5.7.3.2}{\376\377\0005\000.\0007\000.\0003\000.\0002\000\040\000g\000e\000t\000D\000a\000m\000a\000g\000e\000\050\000\051}{subsection.5.7.3}% 87
\BOOKMARK [3][-]{subsubsection.5.7.3.3}{\376\377\0005\000.\0007\000.\0003\000.\0003\000\040\000p\000a\000i\000n\000t\000C\000o\000m\000p\000o\000n\000e\000n\000t\000\050\000\051}{subsection.5.7.3}% 88
\BOOKMARK [2][-]{subsection.5.7.4}{\376\377\0005\000.\0007\000.\0004\000\040\000M\000e\000m\000b\000e\000r\000\040\000D\000a\000t\000a\000\040\000D\000o\000c\000u\000m\000e\000n\000t\000a\000t\000i\000o\000n}{section.5.7}% 89
\BOOKMARK [3][-]{subsubsection.5.7.4.1}{\376\377\0005\000.\0007\000.\0004\000.\0001\000\040\000x}{subsection.5.7.4}% 90
\BOOKMARK [3][-]{subsubsection.5.7.4.2}{\376\377\0005\000.\0007\000.\0004\000.\0002\000\040\000y}{subsection.5.7.4}% 91
\BOOKMARK [1][-]{section.5.8}{\376\377\0005\000.\0008\000\040\000M\000a\000i\000n\000\040\000C\000l\000a\000s\000s\000\040\000R\000e\000f\000e\000r\000e\000n\000c\000e}{chapter.5}% 92
\BOOKMARK [2][-]{subsection.5.8.1}{\376\377\0005\000.\0008\000.\0001\000\040\000D\000e\000t\000a\000i\000l\000e\000d\000\040\000D\000e\000s\000c\000r\000i\000p\000t\000i\000o\000n}{section.5.8}% 93
\BOOKMARK [2][-]{subsection.5.8.2}{\376\377\0005\000.\0008\000.\0002\000\040\000M\000e\000m\000b\000e\000r\000\040\000F\000u\000n\000c\000t\000i\000o\000n\000\040\000D\000o\000c\000u\000m\000e\000n\000t\000a\000t\000i\000o\000n}{section.5.8}% 94
\BOOKMARK [3][-]{subsubsection.5.8.2.1}{\376\377\0005\000.\0008\000.\0002\000.\0001\000\040\000m\000a\000i\000n\000\050\000\051}{subsection.5.8.2}% 95
\BOOKMARK [1][-]{section.5.9}{\376\377\0005\000.\0009\000\040\000P\000a\000n\000e\000l\000\040\000C\000l\000a\000s\000s\000\040\000R\000e\000f\000e\000r\000e\000n\000c\000e}{chapter.5}% 96
\BOOKMARK [2][-]{subsection.5.9.1}{\376\377\0005\000.\0009\000.\0001\000\040\000D\000e\000t\000a\000i\000l\000e\000d\000\040\000D\000e\000s\000c\000r\000i\000p\000t\000i\000o\000n}{section.5.9}% 97
\BOOKMARK [2][-]{subsection.5.9.2}{\376\377\0005\000.\0009\000.\0002\000\040\000C\000o\000n\000s\000t\000r\000u\000c\000t\000o\000r\000\040\000\046\000\040\000D\000e\000s\000t\000r\000u\000c\000t\000o\000r\000\040\000D\000o\000c\000u\000m\000e\000n\000t\000a\000t\000i\000o\000n}{section.5.9}% 98
\BOOKMARK [3][-]{subsubsection.5.9.2.1}{\376\377\0005\000.\0009\000.\0002\000.\0001\000\040\000P\000a\000n\000e\000l\000\050\000\051}{subsection.5.9.2}% 99
\BOOKMARK [2][-]{subsection.5.9.3}{\376\377\0005\000.\0009\000.\0003\000\040\000M\000e\000m\000b\000e\000r\000\040\000F\000u\000n\000c\000t\000i\000o\000n\000\040\000D\000o\000c\000u\000m\000e\000n\000t\000a\000t\000i\000o\000n}{section.5.9}% 100
\BOOKMARK [3][-]{subsubsection.5.9.3.1}{\376\377\0005\000.\0009\000.\0003\000.\0001\000\040\000a\000c\000t\000i\000o\000n\000P\000e\000r\000f\000o\000r\000m\000e\000d\000\050\000\051}{subsection.5.9.3}% 101
\BOOKMARK [3][-]{subsubsection.5.9.3.2}{\376\377\0005\000.\0009\000.\0003\000.\0002\000\040\000c\000o\000u\000n\000t\000e\000r\000U\000p\000d\000a\000t\000e\000r\000\050\000\051}{subsection.5.9.3}% 102
\BOOKMARK [3][-]{subsubsection.5.9.3.3}{\376\377\0005\000.\0009\000.\0003\000.\0003\000\040\000g\000a\000m\000e\000S\000t\000a\000r\000t\000\050\000\051}{subsection.5.9.3}% 103
\BOOKMARK [3][-]{subsubsection.5.9.3.4}{\376\377\0005\000.\0009\000.\0003\000.\0004\000\040\000p\000a\000i\000n\000t\000C\000o\000m\000p\000o\000n\000e\000n\000t\000\050\000\051}{subsection.5.9.3}% 104
\BOOKMARK [3][-]{subsubsection.5.9.3.5}{\376\377\0005\000.\0009\000.\0003\000.\0005\000\040\000s\000p\000a\000w\000n\000R\000a\000n\000d\000o\000m\000P\000l\000a\000n\000t\000\050\000\051}{subsection.5.9.3}% 105
\BOOKMARK [3][-]{subsubsection.5.9.3.6}{\376\377\0005\000.\0009\000.\0003\000.\0006\000\040\000s\000p\000a\000w\000n\000R\000a\000n\000d\000o\000m\000Z\000o\000m\000b\000i\000e\000\050\000\051}{subsection.5.9.3}% 106
\BOOKMARK [2][-]{subsection.5.9.4}{\376\377\0005\000.\0009\000.\0004\000\040\000M\000e\000m\000b\000e\000r\000\040\000D\000a\000t\000a\000\040\000D\000o\000c\000u\000m\000e\000n\000t\000a\000t\000i\000o\000n}{section.5.9}% 107
\BOOKMARK [3][-]{subsubsection.5.9.4.1}{\376\377\0005\000.\0009\000.\0004\000.\0001\000\040\000B\000A\000S\000I\000C\000\137\000Z\000O\000M\000B\000I\000E\000\137\000S\000P\000A\000W\000N\000\137\000C\000H\000A\000N\000C\000E}{subsection.5.9.4}% 108
\BOOKMARK [3][-]{subsubsection.5.9.4.2}{\376\377\0005\000.\0009\000.\0004\000.\0002\000\040\000B\000U\000C\000K\000E\000T\000H\000E\000A\000D\000\137\000Z\000O\000M\000B\000I\000E\000\137\000S\000P\000A\000W\000N\000\137\000C\000H\000A\000N\000C\000E}{subsection.5.9.4}% 109
\BOOKMARK [3][-]{subsubsection.5.9.4.3}{\376\377\0005\000.\0009\000.\0004\000.\0003\000\040\000C\000H\000E\000R\000R\000Y\000\137\000B\000O\000M\000B\000\137\000S\000P\000A\000W\000N\000\137\000C\000H\000A\000N\000C\000E}{subsection.5.9.4}% 110
\BOOKMARK [3][-]{subsubsection.5.9.4.4}{\376\377\0005\000.\0009\000.\0004\000.\0004\000\040\000C\000O\000L\000U\000M\000N\000S}{subsection.5.9.4}% 111
\BOOKMARK [3][-]{subsubsection.5.9.4.5}{\376\377\0005\000.\0009\000.\0004\000.\0005\000\040\000D\000E\000L\000A\000Y}{subsection.5.9.4}% 112
\BOOKMARK [3][-]{subsubsection.5.9.4.6}{\376\377\0005\000.\0009\000.\0004\000.\0006\000\040\000P\000E\000A\000S\000H\000O\000O\000T\000E\000R\000\137\000S\000P\000A\000W\000N\000\137\000C\000H\000A\000N\000C\000E}{subsection.5.9.4}% 113
\BOOKMARK [3][-]{subsubsection.5.9.4.7}{\376\377\0005\000.\0009\000.\0004\000.\0007\000\040\000P\000L\000A\000N\000T\000\137\000C\000O\000L\000U\000M\000N\000S}{subsection.5.9.4}% 114
\BOOKMARK [3][-]{subsubsection.5.9.4.8}{\376\377\0005\000.\0009\000.\0004\000.\0008\000\040\000P\000L\000A\000N\000T\000\137\000S\000P\000A\000W\000N\000\137\000I\000N\000T\000E\000R\000V\000A\000L}{subsection.5.9.4}% 115
\BOOKMARK [3][-]{subsubsection.5.9.4.9}{\376\377\0005\000.\0009\000.\0004\000.\0009\000\040\000P\000l\000a\000n\000t\000s}{subsection.5.9.4}% 116
\BOOKMARK [3][-]{subsubsection.5.9.4.10}{\376\377\0005\000.\0009\000.\0004\000.\0001\0000\000\040\000r\000e\000s\000o\000u\000r\000c\000e\000M\000a\000n\000a\000g\000e\000r}{subsection.5.9.4}% 117
\BOOKMARK [3][-]{subsubsection.5.9.4.11}{\376\377\0005\000.\0009\000.\0004\000.\0001\0001\000\040\000R\000O\000W\000S}{subsection.5.9.4}% 118
\BOOKMARK [3][-]{subsubsection.5.9.4.12}{\376\377\0005\000.\0009\000.\0004\000.\0001\0002\000\040\000S\000p\000a\000w\000n\000S\000q\000u\000a\000r\000e\000s}{subsection.5.9.4}% 119
\BOOKMARK [3][-]{subsubsection.5.9.4.13}{\376\377\0005\000.\0009\000.\0004\000.\0001\0003\000\040\000S\000Q\000U\000A\000R\000E\000\137\000S\000I\000Z\000E}{subsection.5.9.4}% 120
\BOOKMARK [3][-]{subsubsection.5.9.4.14}{\376\377\0005\000.\0009\000.\0004\000.\0001\0004\000\040\000S\000T\000A\000R\000T\000\137\000S\000U\000N\000\137\000P\000O\000I\000N\000T\000S}{subsection.5.9.4}% 121
\BOOKMARK [3][-]{subsubsection.5.9.4.15}{\376\377\0005\000.\0009\000.\0004\000.\0001\0005\000\040\000S\000T\000A\000R\000T\000\137\000Z\000O\000M\000B\000I\000E\000\137\000A\000M\000O\000U\000N\000T}{subsection.5.9.4}% 122
\BOOKMARK [3][-]{subsubsection.5.9.4.16}{\376\377\0005\000.\0009\000.\0004\000.\0001\0006\000\040\000s\000t\000r\000i\000n\000g\000s}{subsection.5.9.4}% 123
\BOOKMARK [3][-]{subsubsection.5.9.4.17}{\376\377\0005\000.\0009\000.\0004\000.\0001\0007\000\040\000S\000U\000N\000F\000L\000O\000W\000E\000R\000\137\000S\000P\000A\000W\000N\000\137\000C\000H\000A\000N\000C\000E}{subsection.5.9.4}% 124
\BOOKMARK [3][-]{subsubsection.5.9.4.18}{\376\377\0005\000.\0009\000.\0004\000.\0001\0008\000\040\000t\000h\000e\000T\000i\000m\000e\000r}{subsection.5.9.4}% 125
\BOOKMARK [3][-]{subsubsection.5.9.4.19}{\376\377\0005\000.\0009\000.\0004\000.\0001\0009\000\040\000W\000A\000L\000N\000U\000T\000\137\000S\000P\000A\000W\000N\000\137\000C\000H\000A\000N\000C\000E}{subsection.5.9.4}% 126
\BOOKMARK [3][-]{subsubsection.5.9.4.20}{\376\377\0005\000.\0009\000.\0004\000.\0002\0000\000\040\000Z\000O\000M\000B\000I\000E\000\137\000C\000O\000L\000U\000M\000N\000S}{subsection.5.9.4}% 127
\BOOKMARK [3][-]{subsubsection.5.9.4.21}{\376\377\0005\000.\0009\000.\0004\000.\0002\0001\000\040\000Z\000O\000M\000B\000I\000E\000\137\000S\000P\000A\000W\000N\000\137\000I\000N\000T\000E\000R\000V\000A\000L}{subsection.5.9.4}% 128
\BOOKMARK [3][-]{subsubsection.5.9.4.22}{\376\377\0005\000.\0009\000.\0004\000.\0002\0002\000\040\000Z\000o\000m\000b\000i\000e\000s}{subsection.5.9.4}% 129
\BOOKMARK [1][-]{section.5.10}{\376\377\0005\000.\0001\0000\000\040\000P\000e\000a\000s\000h\000o\000o\000t\000e\000r\000\040\000C\000l\000a\000s\000s\000\040\000R\000e\000f\000e\000r\000e\000n\000c\000e}{chapter.5}% 130
\BOOKMARK [2][-]{subsection.5.10.1}{\376\377\0005\000.\0001\0000\000.\0001\000\040\000D\000e\000t\000a\000i\000l\000e\000d\000\040\000D\000e\000s\000c\000r\000i\000p\000t\000i\000o\000n}{section.5.10}% 131
\BOOKMARK [2][-]{subsection.5.10.2}{\376\377\0005\000.\0001\0000\000.\0002\000\040\000C\000o\000n\000s\000t\000r\000u\000c\000t\000o\000r\000\040\000\046\000\040\000D\000e\000s\000t\000r\000u\000c\000t\000o\000r\000\040\000D\000o\000c\000u\000m\000e\000n\000t\000a\000t\000i\000o\000n}{section.5.10}% 132
\BOOKMARK [3][-]{subsubsection.5.10.2.1}{\376\377\0005\000.\0001\0000\000.\0002\000.\0001\000\040\000P\000e\000a\000s\000h\000o\000o\000t\000e\000r\000\050\000\051}{subsection.5.10.2}% 133
\BOOKMARK [2][-]{subsection.5.10.3}{\376\377\0005\000.\0001\0000\000.\0003\000\040\000M\000e\000m\000b\000e\000r\000\040\000F\000u\000n\000c\000t\000i\000o\000n\000\040\000D\000o\000c\000u\000m\000e\000n\000t\000a\000t\000i\000o\000n}{section.5.10}% 134
\BOOKMARK [3][-]{subsubsection.5.10.3.1}{\376\377\0005\000.\0001\0000\000.\0003\000.\0001\000\040\000a\000c\000t\000i\000o\000n\000P\000e\000r\000f\000o\000r\000m\000e\000d\000\050\000\051}{subsection.5.10.3}% 135
\BOOKMARK [3][-]{subsubsection.5.10.3.2}{\376\377\0005\000.\0001\0000\000.\0003\000.\0002\000\040\000g\000e\000t\000B\000o\000u\000n\000d\000s\000\050\000\051}{subsection.5.10.3}% 136
\BOOKMARK [3][-]{subsubsection.5.10.3.3}{\376\377\0005\000.\0001\0000\000.\0003\000.\0003\000\040\000g\000e\000t\000C\000o\000s\000t\000\050\000\051}{subsection.5.10.3}% 137
\BOOKMARK [3][-]{subsubsection.5.10.3.4}{\376\377\0005\000.\0001\0000\000.\0003\000.\0004\000\040\000g\000e\000t\000H\000e\000a\000l\000t\000h\000\050\000\051}{subsection.5.10.3}% 138
\BOOKMARK [3][-]{subsubsection.5.10.3.5}{\376\377\0005\000.\0001\0000\000.\0003\000.\0005\000\040\000g\000e\000t\000T\000y\000p\000e\000\050\000\051}{subsection.5.10.3}% 139
\BOOKMARK [3][-]{subsubsection.5.10.3.6}{\376\377\0005\000.\0001\0000\000.\0003\000.\0006\000\040\000p\000a\000i\000n\000t\000C\000o\000m\000p\000o\000n\000e\000n\000t\000\050\000\051}{subsection.5.10.3}% 140
\BOOKMARK [3][-]{subsubsection.5.10.3.7}{\376\377\0005\000.\0001\0000\000.\0003\000.\0007\000\040\000s\000h\000o\000o\000t\000\050\000\051}{subsection.5.10.3}% 141
\BOOKMARK [3][-]{subsubsection.5.10.3.8}{\376\377\0005\000.\0001\0000\000.\0003\000.\0008\000\040\000t\000a\000k\000e\000D\000a\000m\000a\000g\000e\000\050\000\051}{subsection.5.10.3}% 142
\BOOKMARK [2][-]{subsection.5.10.4}{\376\377\0005\000.\0001\0000\000.\0004\000\040\000M\000e\000m\000b\000e\000r\000\040\000D\000a\000t\000a\000\040\000D\000o\000c\000u\000m\000e\000n\000t\000a\000t\000i\000o\000n}{section.5.10}% 143
\BOOKMARK [3][-]{subsubsection.5.10.4.1}{\376\377\0005\000.\0001\0000\000.\0004\000.\0001\000\040\000P\000r\000o\000j\000e\000c\000t\000i\000l\000e\000s}{subsection.5.10.4}% 144
\BOOKMARK [3][-]{subsubsection.5.10.4.2}{\376\377\0005\000.\0001\0000\000.\0004\000.\0002\000\040\000Z\000o\000m\000b\000i\000e\000s}{subsection.5.10.4}% 145
\BOOKMARK [1][-]{section.5.11}{\376\377\0005\000.\0001\0001\000\040\000P\000l\000a\000n\000t\000\040\000C\000l\000a\000s\000s\000\040\000R\000e\000f\000e\000r\000e\000n\000c\000e}{chapter.5}% 146
\BOOKMARK [2][-]{subsection.5.11.1}{\376\377\0005\000.\0001\0001\000.\0001\000\040\000D\000e\000t\000a\000i\000l\000e\000d\000\040\000D\000e\000s\000c\000r\000i\000p\000t\000i\000o\000n}{section.5.11}% 147
\BOOKMARK [2][-]{subsection.5.11.2}{\376\377\0005\000.\0001\0001\000.\0002\000\040\000C\000o\000n\000s\000t\000r\000u\000c\000t\000o\000r\000\040\000\046\000\040\000D\000e\000s\000t\000r\000u\000c\000t\000o\000r\000\040\000D\000o\000c\000u\000m\000e\000n\000t\000a\000t\000i\000o\000n}{section.5.11}% 148
\BOOKMARK [3][-]{subsubsection.5.11.2.1}{\376\377\0005\000.\0001\0001\000.\0002\000.\0001\000\040\000P\000l\000a\000n\000t\000\050\000\051}{subsection.5.11.2}% 149
\BOOKMARK [1][-]{section.5.12}{\376\377\0005\000.\0001\0002\000\040\000P\000r\000o\000j\000e\000c\000t\000i\000l\000e\000\040\000C\000l\000a\000s\000s\000\040\000R\000e\000f\000e\000r\000e\000n\000c\000e}{chapter.5}% 150
\BOOKMARK [2][-]{subsection.5.12.1}{\376\377\0005\000.\0001\0002\000.\0001\000\040\000D\000e\000t\000a\000i\000l\000e\000d\000\040\000D\000e\000s\000c\000r\000i\000p\000t\000i\000o\000n}{section.5.12}% 151
\BOOKMARK [2][-]{subsection.5.12.2}{\376\377\0005\000.\0001\0002\000.\0002\000\040\000C\000o\000n\000s\000t\000r\000u\000c\000t\000o\000r\000\040\000\046\000\040\000D\000e\000s\000t\000r\000u\000c\000t\000o\000r\000\040\000D\000o\000c\000u\000m\000e\000n\000t\000a\000t\000i\000o\000n}{section.5.12}% 152
\BOOKMARK [3][-]{subsubsection.5.12.2.1}{\376\377\0005\000.\0001\0002\000.\0002\000.\0001\000\040\000P\000r\000o\000j\000e\000c\000t\000i\000l\000e\000\050\000\051}{subsection.5.12.2}% 153
\BOOKMARK [2][-]{subsection.5.12.3}{\376\377\0005\000.\0001\0002\000.\0003\000\040\000M\000e\000m\000b\000e\000r\000\040\000F\000u\000n\000c\000t\000i\000o\000n\000\040\000D\000o\000c\000u\000m\000e\000n\000t\000a\000t\000i\000o\000n}{section.5.12}% 154
\BOOKMARK [3][-]{subsubsection.5.12.3.1}{\376\377\0005\000.\0001\0002\000.\0003\000.\0001\000\040\000a\000c\000t\000i\000o\000n\000P\000e\000r\000f\000o\000r\000m\000e\000d\000\050\000\051}{subsection.5.12.3}% 155
\BOOKMARK [3][-]{subsubsection.5.12.3.2}{\376\377\0005\000.\0001\0002\000.\0003\000.\0002\000\040\000g\000e\000t\000B\000o\000u\000n\000d\000s\000\050\000\051}{subsection.5.12.3}% 156
\BOOKMARK [3][-]{subsubsection.5.12.3.3}{\376\377\0005\000.\0001\0002\000.\0003\000.\0003\000\040\000g\000e\000t\000D\000a\000m\000a\000g\000e\000\050\000\051}{subsection.5.12.3}% 157
\BOOKMARK [3][-]{subsubsection.5.12.3.4}{\376\377\0005\000.\0001\0002\000.\0003\000.\0004\000\040\000g\000e\000t\000W\000i\000d\000t\000h\000\050\000\051}{subsection.5.12.3}% 158
\BOOKMARK [3][-]{subsubsection.5.12.3.5}{\376\377\0005\000.\0001\0002\000.\0003\000.\0005\000\040\000p\000a\000i\000n\000t\000C\000o\000m\000p\000o\000n\000e\000n\000t\000\050\000\051}{subsection.5.12.3}% 159
\BOOKMARK [2][-]{subsection.5.12.4}{\376\377\0005\000.\0001\0002\000.\0004\000\040\000M\000e\000m\000b\000e\000r\000\040\000D\000a\000t\000a\000\040\000D\000o\000c\000u\000m\000e\000n\000t\000a\000t\000i\000o\000n}{section.5.12}% 160
\BOOKMARK [3][-]{subsubsection.5.12.4.1}{\376\377\0005\000.\0001\0002\000.\0004\000.\0001\000\040\000t\000h\000e\000T\000i\000m\000e\000r}{subsection.5.12.4}% 161
\BOOKMARK [3][-]{subsubsection.5.12.4.2}{\376\377\0005\000.\0001\0002\000.\0004\000.\0002\000\040\000x}{subsection.5.12.4}% 162
\BOOKMARK [3][-]{subsubsection.5.12.4.3}{\376\377\0005\000.\0001\0002\000.\0004\000.\0003\000\040\000y}{subsection.5.12.4}% 163
\BOOKMARK [1][-]{section.5.13}{\376\377\0005\000.\0001\0003\000\040\000R\000e\000s\000o\000u\000r\000c\000e\000M\000a\000n\000a\000g\000e\000r\000\040\000C\000l\000a\000s\000s\000\040\000R\000e\000f\000e\000r\000e\000n\000c\000e}{chapter.5}% 164
\BOOKMARK [2][-]{subsection.5.13.1}{\376\377\0005\000.\0001\0003\000.\0001\000\040\000D\000e\000t\000a\000i\000l\000e\000d\000\040\000D\000e\000s\000c\000r\000i\000p\000t\000i\000o\000n}{section.5.13}% 165
\BOOKMARK [2][-]{subsection.5.13.2}{\376\377\0005\000.\0001\0003\000.\0002\000\040\000C\000o\000n\000s\000t\000r\000u\000c\000t\000o\000r\000\040\000\046\000\040\000D\000e\000s\000t\000r\000u\000c\000t\000o\000r\000\040\000D\000o\000c\000u\000m\000e\000n\000t\000a\000t\000i\000o\000n}{section.5.13}% 166
\BOOKMARK [3][-]{subsubsection.5.13.2.1}{\376\377\0005\000.\0001\0003\000.\0002\000.\0001\000\040\000R\000e\000s\000o\000u\000r\000c\000e\000M\000a\000n\000a\000g\000e\000r\000\050\000\051}{subsection.5.13.2}% 167
\BOOKMARK [2][-]{subsection.5.13.3}{\376\377\0005\000.\0001\0003\000.\0003\000\040\000M\000e\000m\000b\000e\000r\000\040\000F\000u\000n\000c\000t\000i\000o\000n\000\040\000D\000o\000c\000u\000m\000e\000n\000t\000a\000t\000i\000o\000n}{section.5.13}% 168
\BOOKMARK [3][-]{subsubsection.5.13.3.1}{\376\377\0005\000.\0001\0003\000.\0003\000.\0001\000\040\000a\000d\000d\000S\000u\000n\000P\000o\000i\000n\000t\000s\000\050\000\051}{subsection.5.13.3}% 169
\BOOKMARK [3][-]{subsubsection.5.13.3.2}{\376\377\0005\000.\0001\0003\000.\0003\000.\0002\000\040\000g\000e\000t\000S\000u\000n\000P\000o\000i\000n\000t\000s\000\050\000\051}{subsection.5.13.3}% 170
\BOOKMARK [3][-]{subsubsection.5.13.3.3}{\376\377\0005\000.\0001\0003\000.\0003\000.\0003\000\040\000s\000p\000e\000n\000d\000S\000u\000n\000P\000o\000i\000n\000t\000s\000\050\000\051}{subsection.5.13.3}% 171
\BOOKMARK [1][-]{section.5.14}{\376\377\0005\000.\0001\0004\000\040\000S\000e\000t\000t\000i\000n\000g\000s\000C\000h\000a\000n\000g\000e\000\040\000C\000l\000a\000s\000s\000\040\000R\000e\000f\000e\000r\000e\000n\000c\000e}{chapter.5}% 172
\BOOKMARK [2][-]{subsection.5.14.1}{\376\377\0005\000.\0001\0004\000.\0001\000\040\000D\000e\000t\000a\000i\000l\000e\000d\000\040\000D\000e\000s\000c\000r\000i\000p\000t\000i\000o\000n}{section.5.14}% 173
\BOOKMARK [2][-]{subsection.5.14.2}{\376\377\0005\000.\0001\0004\000.\0002\000\040\000C\000o\000n\000s\000t\000r\000u\000c\000t\000o\000r\000\040\000\046\000\040\000D\000e\000s\000t\000r\000u\000c\000t\000o\000r\000\040\000D\000o\000c\000u\000m\000e\000n\000t\000a\000t\000i\000o\000n}{section.5.14}% 174
\BOOKMARK [3][-]{subsubsection.5.14.2.1}{\376\377\0005\000.\0001\0004\000.\0002\000.\0001\000\040\000S\000e\000t\000t\000i\000n\000g\000s\000C\000h\000a\000n\000g\000e\000\050\000\051}{subsection.5.14.2}% 175
\BOOKMARK [2][-]{subsection.5.14.3}{\376\377\0005\000.\0001\0004\000.\0003\000\040\000M\000e\000m\000b\000e\000r\000\040\000F\000u\000n\000c\000t\000i\000o\000n\000\040\000D\000o\000c\000u\000m\000e\000n\000t\000a\000t\000i\000o\000n}{section.5.14}% 176
\BOOKMARK [3][-]{subsubsection.5.14.3.1}{\376\377\0005\000.\0001\0004\000.\0003\000.\0001\000\040\000s\000t\000a\000t\000e\000C\000h\000a\000n\000g\000e\000d\000\050\000\051}{subsection.5.14.3}% 177
\BOOKMARK [2][-]{subsection.5.14.4}{\376\377\0005\000.\0001\0004\000.\0004\000\040\000M\000e\000m\000b\000e\000r\000\040\000D\000a\000t\000a\000\040\000D\000o\000c\000u\000m\000e\000n\000t\000a\000t\000i\000o\000n}{section.5.14}% 178
\BOOKMARK [3][-]{subsubsection.5.14.4.1}{\376\377\0005\000.\0001\0004\000.\0004\000.\0001\000\040\000B\000A\000S\000I\000C\000\137\000Z\000O\000M\000B\000I\000E\000\137\000S\000P\000A\000W\000N\000\137\000C\000H\000A\000N\000C\000E}{subsection.5.14.4}% 179
\BOOKMARK [3][-]{subsubsection.5.14.4.2}{\376\377\0005\000.\0001\0004\000.\0004\000.\0002\000\040\000B\000U\000C\000K\000E\000T\000H\000E\000A\000D\000\137\000Z\000O\000M\000B\000I\000E\000\137\000S\000P\000A\000W\000N\000\137\000C\000H\000A\000N\000C\000E}{subsection.5.14.4}% 180
\BOOKMARK [3][-]{subsubsection.5.14.4.3}{\376\377\0005\000.\0001\0004\000.\0004\000.\0003\000\040\000C\000H\000E\000R\000R\000Y\000\137\000B\000O\000M\000B\000\137\000S\000P\000A\000W\000N\000\137\000C\000H\000A\000N\000C\000E}{subsection.5.14.4}% 181
\BOOKMARK [3][-]{subsubsection.5.14.4.4}{\376\377\0005\000.\0001\0004\000.\0004\000.\0004\000\040\000D\000E\000L\000A\000Y}{subsection.5.14.4}% 182
\BOOKMARK [3][-]{subsubsection.5.14.4.5}{\376\377\0005\000.\0001\0004\000.\0004\000.\0005\000\040\000P\000E\000A\000S\000H\000O\000O\000T\000E\000R\000\137\000S\000P\000A\000W\000N\000\137\000C\000H\000A\000N\000C\000E}{subsection.5.14.4}% 183
\BOOKMARK [3][-]{subsubsection.5.14.4.6}{\376\377\0005\000.\0001\0004\000.\0004\000.\0006\000\040\000P\000L\000A\000N\000T\000\137\000S\000P\000A\000W\000N\000\137\000I\000N\000T\000E\000R\000V\000A\000L}{subsection.5.14.4}% 184
\BOOKMARK [3][-]{subsubsection.5.14.4.7}{\376\377\0005\000.\0001\0004\000.\0004\000.\0007\000\040\000S\000T\000A\000R\000T\000\137\000S\000U\000N\000\137\000P\000O\000I\000N\000T\000S}{subsection.5.14.4}% 185
\BOOKMARK [3][-]{subsubsection.5.14.4.8}{\376\377\0005\000.\0001\0004\000.\0004\000.\0008\000\040\000S\000T\000A\000R\000T\000\137\000Z\000O\000M\000B\000I\000E\000\137\000A\000M\000O\000U\000N\000T}{subsection.5.14.4}% 186
\BOOKMARK [3][-]{subsubsection.5.14.4.9}{\376\377\0005\000.\0001\0004\000.\0004\000.\0009\000\040\000s\000t\000r\000i\000n\000g\000s}{subsection.5.14.4}% 187
\BOOKMARK [3][-]{subsubsection.5.14.4.10}{\376\377\0005\000.\0001\0004\000.\0004\000.\0001\0000\000\040\000S\000U\000N\000F\000L\000O\000W\000E\000R\000\137\000S\000P\000A\000W\000N\000\137\000C\000H\000A\000N\000C\000E}{subsection.5.14.4}% 188
\BOOKMARK [3][-]{subsubsection.5.14.4.11}{\376\377\0005\000.\0001\0004\000.\0004\000.\0001\0001\000\040\000v\000a\000l\000u\000e\000s}{subsection.5.14.4}% 189
\BOOKMARK [3][-]{subsubsection.5.14.4.12}{\376\377\0005\000.\0001\0004\000.\0004\000.\0001\0002\000\040\000W\000A\000L\000N\000U\000T\000\137\000S\000P\000A\000W\000N\000\137\000C\000H\000A\000N\000C\000E}{subsection.5.14.4}% 190
\BOOKMARK [3][-]{subsubsection.5.14.4.13}{\376\377\0005\000.\0001\0004\000.\0004\000.\0001\0003\000\040\000Z\000O\000M\000B\000I\000E\000\137\000S\000P\000A\000W\000N\000\137\000I\000N\000T\000E\000R\000V\000A\000L}{subsection.5.14.4}% 191
\BOOKMARK [1][-]{section.5.15}{\376\377\0005\000.\0001\0005\000\040\000S\000p\000a\000w\000n\000S\000e\000l\000e\000c\000t\000o\000r\000\040\000C\000l\000a\000s\000s\000\040\000R\000e\000f\000e\000r\000e\000n\000c\000e}{chapter.5}% 192
\BOOKMARK [2][-]{subsection.5.15.1}{\376\377\0005\000.\0001\0005\000.\0001\000\040\000D\000e\000t\000a\000i\000l\000e\000d\000\040\000D\000e\000s\000c\000r\000i\000p\000t\000i\000o\000n}{section.5.15}% 193
\BOOKMARK [2][-]{subsection.5.15.2}{\376\377\0005\000.\0001\0005\000.\0002\000\040\000C\000o\000n\000s\000t\000r\000u\000c\000t\000o\000r\000\040\000\046\000\040\000D\000e\000s\000t\000r\000u\000c\000t\000o\000r\000\040\000D\000o\000c\000u\000m\000e\000n\000t\000a\000t\000i\000o\000n}{section.5.15}% 194
\BOOKMARK [3][-]{subsubsection.5.15.2.1}{\376\377\0005\000.\0001\0005\000.\0002\000.\0001\000\040\000S\000p\000a\000w\000n\000S\000e\000l\000e\000c\000t\000o\000r\000\050\000\051}{subsection.5.15.2}% 195
\BOOKMARK [2][-]{subsection.5.15.3}{\376\377\0005\000.\0001\0005\000.\0003\000\040\000M\000e\000m\000b\000e\000r\000\040\000F\000u\000n\000c\000t\000i\000o\000n\000\040\000D\000o\000c\000u\000m\000e\000n\000t\000a\000t\000i\000o\000n}{section.5.15}% 196
\BOOKMARK [3][-]{subsubsection.5.15.3.1}{\376\377\0005\000.\0001\0005\000.\0003\000.\0001\000\040\000a\000c\000t\000i\000o\000n\000P\000e\000r\000f\000o\000r\000m\000e\000d\000\050\000\051}{subsection.5.15.3}% 197
\BOOKMARK [3][-]{subsubsection.5.15.3.2}{\376\377\0005\000.\0001\0005\000.\0003\000.\0002\000\040\000f\000i\000n\000d\000A\000r\000r\000a\000y\000I\000n\000d\000e\000x\000\050\000\051}{subsection.5.15.3}% 198
\BOOKMARK [3][-]{subsubsection.5.15.3.3}{\376\377\0005\000.\0001\0005\000.\0003\000.\0003\000\040\000m\000o\000u\000s\000e\000C\000l\000i\000c\000k\000e\000d\000\050\000\051}{subsection.5.15.3}% 199
\BOOKMARK [3][-]{subsubsection.5.15.3.4}{\376\377\0005\000.\0001\0005\000.\0003\000.\0004\000\040\000m\000o\000u\000s\000e\000E\000n\000t\000e\000r\000e\000d\000\050\000\051}{subsection.5.15.3}% 200
\BOOKMARK [3][-]{subsubsection.5.15.3.5}{\376\377\0005\000.\0001\0005\000.\0003\000.\0005\000\040\000m\000o\000u\000s\000e\000E\000x\000i\000t\000e\000d\000\050\000\051}{subsection.5.15.3}% 201
\BOOKMARK [3][-]{subsubsection.5.15.3.6}{\376\377\0005\000.\0001\0005\000.\0003\000.\0006\000\040\000m\000o\000u\000s\000e\000P\000r\000e\000s\000s\000e\000d\000\050\000\051}{subsection.5.15.3}% 202
\BOOKMARK [3][-]{subsubsection.5.15.3.7}{\376\377\0005\000.\0001\0005\000.\0003\000.\0007\000\040\000m\000o\000u\000s\000e\000R\000e\000l\000e\000a\000s\000e\000d\000\050\000\051}{subsection.5.15.3}% 203
\BOOKMARK [3][-]{subsubsection.5.15.3.8}{\376\377\0005\000.\0001\0005\000.\0003\000.\0008\000\040\000p\000a\000i\000n\000t\000\050\000\051}{subsection.5.15.3}% 204
\BOOKMARK [2][-]{subsection.5.15.4}{\376\377\0005\000.\0001\0005\000.\0004\000\040\000M\000e\000m\000b\000e\000r\000\040\000D\000a\000t\000a\000\040\000D\000o\000c\000u\000m\000e\000n\000t\000a\000t\000i\000o\000n}{section.5.15}% 205
\BOOKMARK [3][-]{subsubsection.5.15.4.1}{\376\377\0005\000.\0001\0005\000.\0004\000.\0001\000\040\000S\000p\000a\000w\000n\000S\000q\000u\000a\000r\000e\000s}{subsection.5.15.4}% 206
\BOOKMARK [3][-]{subsubsection.5.15.4.2}{\376\377\0005\000.\0001\0005\000.\0004\000.\0002\000\040\000t\000h\000e\000T\000i\000m\000e\000r}{subsection.5.15.4}% 207
\BOOKMARK [1][-]{section.5.16}{\376\377\0005\000.\0001\0006\000\040\000S\000u\000n\000f\000l\000o\000w\000e\000r\000\040\000C\000l\000a\000s\000s\000\040\000R\000e\000f\000e\000r\000e\000n\000c\000e}{chapter.5}% 208
\BOOKMARK [2][-]{subsection.5.16.1}{\376\377\0005\000.\0001\0006\000.\0001\000\040\000D\000e\000t\000a\000i\000l\000e\000d\000\040\000D\000e\000s\000c\000r\000i\000p\000t\000i\000o\000n}{section.5.16}% 209
\BOOKMARK [2][-]{subsection.5.16.2}{\376\377\0005\000.\0001\0006\000.\0002\000\040\000C\000o\000n\000s\000t\000r\000u\000c\000t\000o\000r\000\040\000\046\000\040\000D\000e\000s\000t\000r\000u\000c\000t\000o\000r\000\040\000D\000o\000c\000u\000m\000e\000n\000t\000a\000t\000i\000o\000n}{section.5.16}% 210
\BOOKMARK [3][-]{subsubsection.5.16.2.1}{\376\377\0005\000.\0001\0006\000.\0002\000.\0001\000\040\000S\000u\000n\000f\000l\000o\000w\000e\000r\000\050\000\051}{subsection.5.16.2}% 211
\BOOKMARK [2][-]{subsection.5.16.3}{\376\377\0005\000.\0001\0006\000.\0003\000\040\000M\000e\000m\000b\000e\000r\000\040\000F\000u\000n\000c\000t\000i\000o\000n\000\040\000D\000o\000c\000u\000m\000e\000n\000t\000a\000t\000i\000o\000n}{section.5.16}% 212
\BOOKMARK [3][-]{subsubsection.5.16.3.1}{\376\377\0005\000.\0001\0006\000.\0003\000.\0001\000\040\000a\000c\000t\000i\000o\000n\000P\000e\000r\000f\000o\000r\000m\000e\000d\000\050\000\051}{subsection.5.16.3}% 213
\BOOKMARK [3][-]{subsubsection.5.16.3.2}{\376\377\0005\000.\0001\0006\000.\0003\000.\0002\000\040\000g\000e\000t\000B\000o\000u\000n\000d\000s\000\050\000\051}{subsection.5.16.3}% 214
\BOOKMARK [3][-]{subsubsection.5.16.3.3}{\376\377\0005\000.\0001\0006\000.\0003\000.\0003\000\040\000g\000e\000t\000C\000o\000s\000t\000\050\000\051}{subsection.5.16.3}% 215
\BOOKMARK [3][-]{subsubsection.5.16.3.4}{\376\377\0005\000.\0001\0006\000.\0003\000.\0004\000\040\000g\000e\000t\000H\000e\000a\000l\000t\000h\000\050\000\051}{subsection.5.16.3}% 216
\BOOKMARK [3][-]{subsubsection.5.16.3.5}{\376\377\0005\000.\0001\0006\000.\0003\000.\0005\000\040\000g\000e\000t\000T\000y\000p\000e\000\050\000\051}{subsection.5.16.3}% 217
\BOOKMARK [3][-]{subsubsection.5.16.3.6}{\376\377\0005\000.\0001\0006\000.\0003\000.\0006\000\040\000p\000a\000i\000n\000t\000C\000o\000m\000p\000o\000n\000e\000n\000t\000\050\000\051}{subsection.5.16.3}% 218
\BOOKMARK [3][-]{subsubsection.5.16.3.7}{\376\377\0005\000.\0001\0006\000.\0003\000.\0007\000\040\000t\000a\000k\000e\000D\000a\000m\000a\000g\000e\000\050\000\051}{subsection.5.16.3}% 219
\BOOKMARK [2][-]{subsection.5.16.4}{\376\377\0005\000.\0001\0006\000.\0004\000\040\000M\000e\000m\000b\000e\000r\000\040\000D\000a\000t\000a\000\040\000D\000o\000c\000u\000m\000e\000n\000t\000a\000t\000i\000o\000n}{section.5.16}% 220
\BOOKMARK [3][-]{subsubsection.5.16.4.1}{\376\377\0005\000.\0001\0006\000.\0004\000.\0001\000\040\000a\000l\000i\000v\000e}{subsection.5.16.4}% 221
\BOOKMARK [3][-]{subsubsection.5.16.4.2}{\376\377\0005\000.\0001\0006\000.\0004\000.\0002\000\040\000p\000r\000o\000d\000u\000c\000e\000C\000y\000c\000l\000e}{subsection.5.16.4}% 222
\BOOKMARK [3][-]{subsubsection.5.16.4.3}{\376\377\0005\000.\0001\0006\000.\0004\000.\0003\000\040\000r\000e\000s\000o\000u\000r\000c\000e\000M\000a\000n\000a\000g\000e\000r}{subsection.5.16.4}% 223
\BOOKMARK [1][-]{section.5.17}{\376\377\0005\000.\0001\0007\000\040\000W\000a\000l\000n\000u\000t\000\040\000C\000l\000a\000s\000s\000\040\000R\000e\000f\000e\000r\000e\000n\000c\000e}{chapter.5}% 224
\BOOKMARK [2][-]{subsection.5.17.1}{\376\377\0005\000.\0001\0007\000.\0001\000\040\000D\000e\000t\000a\000i\000l\000e\000d\000\040\000D\000e\000s\000c\000r\000i\000p\000t\000i\000o\000n}{section.5.17}% 225
\BOOKMARK [2][-]{subsection.5.17.2}{\376\377\0005\000.\0001\0007\000.\0002\000\040\000C\000o\000n\000s\000t\000r\000u\000c\000t\000o\000r\000\040\000\046\000\040\000D\000e\000s\000t\000r\000u\000c\000t\000o\000r\000\040\000D\000o\000c\000u\000m\000e\000n\000t\000a\000t\000i\000o\000n}{section.5.17}% 226
\BOOKMARK [3][-]{subsubsection.5.17.2.1}{\376\377\0005\000.\0001\0007\000.\0002\000.\0001\000\040\000W\000a\000l\000n\000u\000t\000\050\000\051}{subsection.5.17.2}% 227
\BOOKMARK [2][-]{subsection.5.17.3}{\376\377\0005\000.\0001\0007\000.\0003\000\040\000M\000e\000m\000b\000e\000r\000\040\000F\000u\000n\000c\000t\000i\000o\000n\000\040\000D\000o\000c\000u\000m\000e\000n\000t\000a\000t\000i\000o\000n}{section.5.17}% 228
\BOOKMARK [3][-]{subsubsection.5.17.3.1}{\376\377\0005\000.\0001\0007\000.\0003\000.\0001\000\040\000a\000c\000t\000i\000o\000n\000P\000e\000r\000f\000o\000r\000m\000e\000d\000\050\000\051}{subsection.5.17.3}% 229
\BOOKMARK [3][-]{subsubsection.5.17.3.2}{\376\377\0005\000.\0001\0007\000.\0003\000.\0002\000\040\000g\000e\000t\000B\000o\000u\000n\000d\000s\000\050\000\051}{subsection.5.17.3}% 230
\BOOKMARK [3][-]{subsubsection.5.17.3.3}{\376\377\0005\000.\0001\0007\000.\0003\000.\0003\000\040\000g\000e\000t\000C\000o\000s\000t\000\050\000\051}{subsection.5.17.3}% 231
\BOOKMARK [3][-]{subsubsection.5.17.3.4}{\376\377\0005\000.\0001\0007\000.\0003\000.\0004\000\040\000g\000e\000t\000H\000e\000a\000l\000t\000h\000\050\000\051}{subsection.5.17.3}% 232
\BOOKMARK [3][-]{subsubsection.5.17.3.5}{\376\377\0005\000.\0001\0007\000.\0003\000.\0005\000\040\000g\000e\000t\000T\000y\000p\000e\000\050\000\051}{subsection.5.17.3}% 233
\BOOKMARK [3][-]{subsubsection.5.17.3.6}{\376\377\0005\000.\0001\0007\000.\0003\000.\0006\000\040\000p\000a\000i\000n\000t\000C\000o\000m\000p\000o\000n\000e\000n\000t\000\050\000\051}{subsection.5.17.3}% 234
\BOOKMARK [3][-]{subsubsection.5.17.3.7}{\376\377\0005\000.\0001\0007\000.\0003\000.\0007\000\040\000t\000a\000k\000e\000D\000a\000m\000a\000g\000e\000\050\000\051}{subsection.5.17.3}% 235
\BOOKMARK [1][-]{section.5.18}{\376\377\0005\000.\0001\0008\000\040\000Z\000o\000m\000b\000i\000e\000\040\000C\000l\000a\000s\000s\000\040\000R\000e\000f\000e\000r\000e\000n\000c\000e}{chapter.5}% 236
\BOOKMARK [2][-]{subsection.5.18.1}{\376\377\0005\000.\0001\0008\000.\0001\000\040\000D\000e\000t\000a\000i\000l\000e\000d\000\040\000D\000e\000s\000c\000r\000i\000p\000t\000i\000o\000n}{section.5.18}% 237
\BOOKMARK [2][-]{subsection.5.18.2}{\376\377\0005\000.\0001\0008\000.\0002\000\040\000C\000o\000n\000s\000t\000r\000u\000c\000t\000o\000r\000\040\000\046\000\040\000D\000e\000s\000t\000r\000u\000c\000t\000o\000r\000\040\000D\000o\000c\000u\000m\000e\000n\000t\000a\000t\000i\000o\000n}{section.5.18}% 238
\BOOKMARK [3][-]{subsubsection.5.18.2.1}{\376\377\0005\000.\0001\0008\000.\0002\000.\0001\000\040\000Z\000o\000m\000b\000i\000e\000\050\000\051}{subsection.5.18.2}% 239
\BOOKMARK [2][-]{subsection.5.18.3}{\376\377\0005\000.\0001\0008\000.\0003\000\040\000M\000e\000m\000b\000e\000r\000\040\000F\000u\000n\000c\000t\000i\000o\000n\000\040\000D\000o\000c\000u\000m\000e\000n\000t\000a\000t\000i\000o\000n}{section.5.18}% 240
\BOOKMARK [3][-]{subsubsection.5.18.3.1}{\376\377\0005\000.\0001\0008\000.\0003\000.\0001\000\040\000g\000e\000t\000A\000t\000t\000a\000c\000k\000D\000a\000m\000a\000g\000e\000\050\000\051}{subsection.5.18.3}% 241
\BOOKMARK [3][-]{subsubsection.5.18.3.2}{\376\377\0005\000.\0001\0008\000.\0003\000.\0002\000\040\000g\000e\000t\000S\000p\000e\000e\000d\000\050\000\051}{subsection.5.18.3}% 242
\BOOKMARK [3][-]{subsubsection.5.18.3.3}{\376\377\0005\000.\0001\0008\000.\0003\000.\0003\000\040\000g\000e\000t\000T\000y\000p\000e\000\050\000\051}{subsection.5.18.3}% 243
\BOOKMARK [0][-]{chapter.6}{\376\377\0006\000\040\000F\000i\000l\000e\000\040\000D\000o\000c\000u\000m\000e\000n\000t\000a\000t\000i\000o\000n}{}% 244
\BOOKMARK [1][-]{section.6.1}{\376\377\0006\000.\0001\000\040\000R\000E\000A\000D\000M\000E\000.\000m\000d\000\040\000F\000i\000l\000e\000\040\000R\000e\000f\000e\000r\000e\000n\000c\000e}{chapter.6}% 245
\BOOKMARK [1][-]{section.6.2}{\376\377\0006\000.\0002\000\040\000B\000a\000s\000i\000c\000Z\000o\000m\000b\000i\000e\000.\000j\000a\000v\000a\000\040\000F\000i\000l\000e\000\040\000R\000e\000f\000e\000r\000e\000n\000c\000e}{chapter.6}% 246
\BOOKMARK [1][-]{section.6.3}{\376\377\0006\000.\0003\000\040\000B\000o\000a\000r\000d\000.\000j\000a\000v\000a\000\040\000F\000i\000l\000e\000\040\000R\000e\000f\000e\000r\000e\000n\000c\000e}{chapter.6}% 247
\BOOKMARK [1][-]{section.6.4}{\376\377\0006\000.\0004\000\040\000B\000u\000c\000k\000e\000t\000h\000e\000a\000d\000Z\000o\000m\000b\000i\000e\000.\000j\000a\000v\000a\000\040\000F\000i\000l\000e\000\040\000R\000e\000f\000e\000r\000e\000n\000c\000e}{chapter.6}% 248
\BOOKMARK [1][-]{section.6.5}{\376\377\0006\000.\0005\000\040\000C\000h\000e\000r\000r\000y\000B\000o\000m\000b\000.\000j\000a\000v\000a\000\040\000F\000i\000l\000e\000\040\000R\000e\000f\000e\000r\000e\000n\000c\000e}{chapter.6}% 249
\BOOKMARK [1][-]{section.6.6}{\376\377\0006\000.\0006\000\040\000C\000o\000l\000l\000i\000s\000i\000o\000n\000M\000a\000n\000a\000g\000e\000r\000.\000j\000a\000v\000a\000\040\000F\000i\000l\000e\000\040\000R\000e\000f\000e\000r\000e\000n\000c\000e}{chapter.6}% 250
\BOOKMARK [1][-]{section.6.7}{\376\377\0006\000.\0007\000\040\000E\000n\000t\000i\000t\000y\000.\000j\000a\000v\000a\000\040\000F\000i\000l\000e\000\040\000R\000e\000f\000e\000r\000e\000n\000c\000e}{chapter.6}% 251
\BOOKMARK [1][-]{section.6.8}{\376\377\0006\000.\0008\000\040\000E\000x\000p\000l\000o\000s\000i\000o\000n\000.\000j\000a\000v\000a\000\040\000F\000i\000l\000e\000\040\000R\000e\000f\000e\000r\000e\000n\000c\000e}{chapter.6}% 252
\BOOKMARK [1][-]{section.6.9}{\376\377\0006\000.\0009\000\040\000M\000a\000i\000n\000.\000j\000a\000v\000a\000\040\000F\000i\000l\000e\000\040\000R\000e\000f\000e\000r\000e\000n\000c\000e}{chapter.6}% 253
\BOOKMARK [1][-]{section.6.10}{\376\377\0006\000.\0001\0000\000\040\000P\000a\000n\000e\000l\000.\000j\000a\000v\000a\000\040\000F\000i\000l\000e\000\040\000R\000e\000f\000e\000r\000e\000n\000c\000e}{chapter.6}% 254
\BOOKMARK [1][-]{section.6.11}{\376\377\0006\000.\0001\0001\000\040\000P\000e\000a\000s\000h\000o\000o\000t\000e\000r\000.\000j\000a\000v\000a\000\040\000F\000i\000l\000e\000\040\000R\000e\000f\000e\000r\000e\000n\000c\000e}{chapter.6}% 255
\BOOKMARK [1][-]{section.6.12}{\376\377\0006\000.\0001\0002\000\040\000P\000l\000a\000n\000t\000.\000j\000a\000v\000a\000\040\000F\000i\000l\000e\000\040\000R\000e\000f\000e\000r\000e\000n\000c\000e}{chapter.6}% 256
\BOOKMARK [1][-]{section.6.13}{\376\377\0006\000.\0001\0003\000\040\000P\000r\000o\000j\000e\000c\000t\000i\000l\000e\000.\000j\000a\000v\000a\000\040\000F\000i\000l\000e\000\040\000R\000e\000f\000e\000r\000e\000n\000c\000e}{chapter.6}% 257
\BOOKMARK [1][-]{section.6.14}{\376\377\0006\000.\0001\0004\000\040\000R\000e\000s\000o\000u\000r\000c\000e\000M\000a\000n\000a\000g\000e\000r\000.\000j\000a\000v\000a\000\040\000F\000i\000l\000e\000\040\000R\000e\000f\000e\000r\000e\000n\000c\000e}{chapter.6}% 258
\BOOKMARK [1][-]{section.6.15}{\376\377\0006\000.\0001\0005\000\040\000S\000e\000t\000t\000i\000n\000g\000s\000C\000h\000a\000n\000g\000e\000.\000j\000a\000v\000a\000\040\000F\000i\000l\000e\000\040\000R\000e\000f\000e\000r\000e\000n\000c\000e}{chapter.6}% 259
\BOOKMARK [1][-]{section.6.16}{\376\377\0006\000.\0001\0006\000\040\000S\000p\000a\000w\000n\000S\000e\000l\000e\000c\000t\000o\000r\000.\000j\000a\000v\000a\000\040\000F\000i\000l\000e\000\040\000R\000e\000f\000e\000r\000e\000n\000c\000e}{chapter.6}% 260
\BOOKMARK [1][-]{section.6.17}{\376\377\0006\000.\0001\0007\000\040\000S\000u\000n\000f\000l\000o\000w\000e\000r\000.\000j\000a\000v\000a\000\040\000F\000i\000l\000e\000\040\000R\000e\000f\000e\000r\000e\000n\000c\000e}{chapter.6}% 261
\BOOKMARK [1][-]{section.6.18}{\376\377\0006\000.\0001\0008\000\040\000W\000a\000l\000n\000u\000t\000.\000j\000a\000v\000a\000\040\000F\000i\000l\000e\000\040\000R\000e\000f\000e\000r\000e\000n\000c\000e}{chapter.6}% 262
\BOOKMARK [1][-]{section.6.19}{\376\377\0006\000.\0001\0009\000\040\000Z\000o\000m\000b\000i\000e\000.\000j\000a\000v\000a\000\040\000F\000i\000l\000e\000\040\000R\000e\000f\000e\000r\000e\000n\000c\000e}{chapter.6}% 263
\BOOKMARK [0][-]{section*.108}{\376\377\000I\000n\000d\000e\000x}{}% 264
